


ARM Macro Assembler    Page 1 


    1 00000000         ; Print.s
    2 00000000         ; Student names: BP Rimal and Kara Olson
    3 00000000         ; Last modification date: change this to the last modifi
                       cation date or look very silly
    4 00000000         ; Runs on LM4F120 or TM4C123
    5 00000000         ; EE319K lab 7 device driver for any LCD
    6 00000000         ;
    7 00000000         ; As part of Lab 7, students need to implement these LCD
                       _OutDec and LCD_OutFix
    8 00000000         ; This driver assumes two low-level LCD functions
    9 00000000         ; ST7735_OutChar   outputs a single 8-bit ASCII characte
                       r
   10 00000000         ; ST7735_OutString outputs a null-terminated string 
   11 00000000         
   12 00000000                 IMPORT           ST7735_OutChar
   13 00000000                 IMPORT           ST7735_OutString
   14 00000000                 EXPORT           LCD_OutDec
   15 00000000                 EXPORT           LCD_OutFix
   16 00000000         
   17 00000000                 AREA             |.text|, CODE, READONLY, ALIGN=
2
   18 00000000                 THUMB
   19 00000000         
   20 00000000         
   21 00000000         
   22 00000000         ;-----------------------LCD_OutDec----------------------
                       -
   23 00000000         ; Output a 32-bit number in unsigned decimal format
   24 00000000         ; Input: R0 (call by value) 32-bit unsigned number
   25 00000000         ; Output: none
   26 00000000         ; Invariables: This function must not permanently modify
                        registers R4 to R11
   27 00000000         ; Lab 7 requirement is for at least one local variable o
                       n the stack with symbolic binding
   28 00000000         ; NO DECIMAL
   29 00000000         
   30 00000000 00000000 
                       V       EQU              0
   31 00000000         LCD_OutDec
   32 00000000 B504            PUSH{R2,         LR}
   33 00000002 B082            SUB              SP, #8
   34 00000004 9000            STR              R0, [SP, #V]
   35 00000006         
   36 00000006         ; BASE CASE
   37 00000006 280A            CMP              R0, #10
   38 00000008 DB0A            BLT              PRINT
   39 0000000A         
   40 0000000A F04F 010A       MOV              R1, #10
   41 0000000E FBB0 F0F1       UDIV             R0, R0, R1  ;R0 <- V/10 
   42 00000012 F7FF FFFE       BL               LCD_OutDec  ; LCD_OUTDEC(V/10)
   43 00000016 9800            LDR              R0, [SP, #V]
   44 00000018 F04F 010A       MOV              R1, #10
   45 0000001C F000 F845       BL               MOD
   46 00000020         
   47 00000020         PRINT
   48 00000020 F100 0030       ADD              R0, R0, #0x30
   49 00000024 F7FF FFFE       BL               ST7735_OutChar
   50 00000028 B002            ADD              SP, #8
   51 0000002A BD04            POP{R2,          PC}



ARM Macro Assembler    Page 2 


   52 0000002C         
   53 0000002C         ;* * * * * * * * End of LCD_OutDec * * * * * * * *
   54 0000002C         
   55 0000002C         ; -----------------------LCD _OutFix--------------------
                       --
   56 0000002C         ; Output characters to LCD display in fixed-point format
                       
   57 0000002C         ; unsigned decimal, resolution 0.01, range 0.00 to 9.99
   58 0000002C         ; Inputs:  R0 is an unsigned 32-bit number
   59 0000002C         ; Outputs: none
   60 0000002C         ; E.g., R0=0,    then output "0.00 "
   61 0000002C         ;       R0=3,    then output "0.003 "
   62 0000002C         ;       R0=89,   then output "0.89 "
   63 0000002C         ;       R0=123,  then output "1.23 "
   64 0000002C         ;       R0=999,  then output "9.99 "
   65 0000002C         ;       R0>999,  then output "*.** "
   66 0000002C         ; Invariables: This function must not permanently modify
                        registers R4 to R11
   67 0000002C         ; Lab 7 requirement is for at least one local variable o
                       n the stack with symbolic binding
   68 0000002C 00000000 
                       N       EQU              0
   69 0000002C         LCD_OutFix
   70 0000002C         ; DECIMALS
   71 0000002C         
   72 0000002C B520            PUSH{R5,         LR}
   73 0000002E B082            SUB              SP, #8
   74 00000030 9000            STR              R0, [SP, #N]
   75 00000032         
   76 00000032 F240 35E7       MOV              R5, #999
   77 00000036 42A8            CMP              R0, R5
   78 00000038 D910            BLS              CONTINUE
   79 0000003A F04F 002A       MOV              R0, #0x2A
   80 0000003E F7FF FFFE       BL               ST7735_OutChar ; CALLING ST7735
                                                            _OUTCHAR
   81 00000042 F04F 002E       MOV              R0, #0x2E
   82 00000046 F7FF FFFE       BL               ST7735_OutChar ; CALLING ST7735
                                                            _OUTCHAR
   83 0000004A F04F 002A       MOV              R0, #0x2A
   84 0000004E F7FF FFFE       BL               ST7735_OutChar ; CALLING ST7735
                                                            _OUTCHAR
   85 00000052 F04F 002A       MOV              R0, #0x2A
   86 00000056 F7FF FFFE       BL               ST7735_OutChar ; CALLING ST7735
                                                            _OUTCHAR
   87 0000005A E024            B                DONE
   88 0000005C         
   89 0000005C         CONTINUE
   90 0000005C F04F 0164       MOV              R1, #100
   91 00000060 FBB0 F1F1       UDIV             R1, R0, R1  ;R1<- Q(N/100) OR M
                                                            SD
   92 00000064 F101 0030       ADD              R0, R1, #0x30 ; GIVE R0 (OX30 +
                                                             N/100)
   93 00000068 F7FF FFFE       BL               ST7735_OutChar ; CALLING ST7735
                                                            _OUTCHAR
   94 0000006C 9800            LDR              R0, [SP, #N] ; PULL THE ORIGINA
                                                            L N FROM THE STACK
   95 0000006E F04F 0164       MOV              R1, #100
   96 00000072 F000 F81A       BL               MOD         ; CALLS THE FUNCITO
                                                            N MOD



ARM Macro Assembler    Page 3 


   97 00000076 9000            STR              R0, [SP, #N] ; R0 HAS MY NEW N;
                                                             SOTRE IT IN STACK
   98 00000078 F04F 002E       MOV              R0, #0x2E   ; ASCII FOR '.'
   99 0000007C F7FF FFFE       BL               ST7735_OutChar ; CALLING ST7735
                                                            _OUTCHAR
  100 00000080         
  101 00000080 F04F 010A       MOV              R1, #10
  102 00000084 9800            LDR              R0, [SP, #N]
  103 00000086 FBB0 F1F1       UDIV             R1, R0, R1  ;R1<- Q(N/10) OR SM
                                                            SD
  104 0000008A F101 0030       ADD              R0, R1, #0x30 ; GIVE R0 (OX30 +
                                                             N/10)
  105 0000008E F7FF FFFE       BL               ST7735_OutChar ; CALLING ST7735
                                                            _OUTCHAR
  106 00000092 9800            LDR              R0, [SP, #N] ; PULL THE ORIGINA
                                                            L N FROM THE STACK
  107 00000094 F04F 010A       MOV              R1, #10
  108 00000098 F000 F807       BL               MOD         ; CALLS THE FUNCITO
                                                            N MOD
  109 0000009C 9000            STR              R0, [SP, #N] ; R0 HAS MY NEW N;
                                                             SOTRE IT IN STACK
  110 0000009E F100 0030       ADD              R0, #0x30
  111 000000A2 F7FF FFFE       BL               ST7735_OutChar ; CALLING ST7735
                                                            _OUTCHAR
  112 000000A6         
  113 000000A6         
  114 000000A6         DONE
  115 000000A6 B002            ADD              SP, #8
  116 000000A8 BD20            POP{R5,          PC}
  117 000000AA         
  118 000000AA         ;INPUT: R0: VALUE TO MOD
  119 000000AA         ;  R1: DIVISOR
  120 000000AA         ;OUTPUT R0: REMAINDER OF R0/R1
  121 000000AA         MOD
  122 000000AA         
  123 000000AA FBB0 F2F1       UDIV             R2, R0, R1
  124 000000AE FB02 F201       MUL              R2, R2, R1
  125 000000B2 EBA0 0002       SUB              R0, R0, R2
  126 000000B6 4770            BX               LR
  127 000000B8         
  128 000000B8         ;     ALIGN
  129 000000B8         ;* * * * * * * * End of LCD_OutFix * * * * * * * *
  130 000000B8         
  131 000000B8                 ALIGN                        ; make sure the end
                                                             of this section is
                                                             aligned
  132 000000B8                 END                          ; end of file
Command Line: --debug --xref --diag_suppress=9931 --cpu=Cortex-M4 --apcs=interw
ork --depend=.\print.d -o.\print.o -I.\RTE\_FruitHackers -IC:\Users\bprim\AppDa
ta\Local\Arm\Packs\ARM\CMSIS\5.6.0\CMSIS\Core\Include -IC:\Users\bprim\AppData\
Local\Arm\Packs\Keil\TM4C_DFP\1.1.0\Device\Include\TM4C123 --predefine="__UVISI
ON_VERSION SETA 529" --predefine="_RTE_ SETA 1" --predefine="TM4C123GH6PM SETA 
1" --list=.\print.lst Print.s



ARM Macro Assembler    Page 1 Alphabetic symbol ordering
Relocatable symbols

.text 00000000

Symbol: .text
   Definitions
      At line 17 in file Print.s
   Uses
      None
Comment: .text unused
CONTINUE 0000005C

Symbol: CONTINUE
   Definitions
      At line 89 in file Print.s
   Uses
      At line 78 in file Print.s
Comment: CONTINUE used once
DONE 000000A6

Symbol: DONE
   Definitions
      At line 114 in file Print.s
   Uses
      At line 87 in file Print.s
Comment: DONE used once
LCD_OutDec 00000000

Symbol: LCD_OutDec
   Definitions
      At line 31 in file Print.s
   Uses
      At line 14 in file Print.s
      At line 42 in file Print.s

LCD_OutFix 0000002C

Symbol: LCD_OutFix
   Definitions
      At line 69 in file Print.s
   Uses
      At line 15 in file Print.s
Comment: LCD_OutFix used once
MOD 000000AA

Symbol: MOD
   Definitions
      At line 121 in file Print.s
   Uses
      At line 45 in file Print.s
      At line 96 in file Print.s
      At line 108 in file Print.s

PRINT 00000020

Symbol: PRINT
   Definitions
      At line 47 in file Print.s
   Uses
      At line 38 in file Print.s
Comment: PRINT used once



ARM Macro Assembler    Page 2 Alphabetic symbol ordering
Relocatable symbols

7 symbols



ARM Macro Assembler    Page 1 Alphabetic symbol ordering
Absolute symbols

N 00000000

Symbol: N
   Definitions
      At line 68 in file Print.s
   Uses
      At line 74 in file Print.s
      At line 94 in file Print.s
      At line 97 in file Print.s
      At line 102 in file Print.s
      At line 106 in file Print.s
      At line 109 in file Print.s

V 00000000

Symbol: V
   Definitions
      At line 30 in file Print.s
   Uses
      At line 34 in file Print.s
      At line 43 in file Print.s

2 symbols



ARM Macro Assembler    Page 1 Alphabetic symbol ordering
External symbols

ST7735_OutChar 00000000

Symbol: ST7735_OutChar
   Definitions
      At line 12 in file Print.s
   Uses
      At line 49 in file Print.s
      At line 80 in file Print.s
      At line 82 in file Print.s
      At line 84 in file Print.s
      At line 86 in file Print.s
      At line 93 in file Print.s
      At line 99 in file Print.s
      At line 105 in file Print.s
      At line 111 in file Print.s

ST7735_OutString 00000000

Symbol: ST7735_OutString
   Definitions
      At line 13 in file Print.s
   Uses
      None
Comment: ST7735_OutString unused
2 symbols
344 symbols in table
